

Microchip MPLAB XC8 Assembler V2.46 build 20240104201356 
                                                                                               Thu Apr 18 18:38:03 2024

Microchip MPLAB XC8 C Compiler v2.46 (Free license) build 20240104201356 Og1 
     1                           	processor	18F4620
     2                           	fnconf	rparam,??,?,0
     3                           	pagewidth 120
     4                           	opt	flic
     5                           	psect	idataCOMRAM,global,class=CODE,delta=1,noexec
     6                           	psect	nvCOMRAM,global,class=COMRAM,space=1,delta=1,lowdata,noexec
     7                           	psect	cinit,global,reloc=2,class=CODE,delta=1
     8                           	psect	bssCOMRAM,global,class=COMRAM,space=1,delta=1,lowdata,noexec
     9                           	psect	dataCOMRAM,global,class=COMRAM,space=1,delta=1,lowdata,noexec
    10                           	psect	cstackCOMRAM,global,class=COMRAM,space=1,delta=1,lowdata,noexec
    11                           	psect	text0,global,reloc=2,class=CODE,delta=1
    12                           	psect	text1,global,reloc=2,class=CODE,delta=1
    13                           	psect	text2,global,reloc=2,class=CODE,delta=1
    14                           	psect	text3,global,reloc=2,class=CODE,delta=1
    15                           	psect	smallconst,global,reloc=2,class=SMALLCONST,delta=1,noexec
    16                           	psect	intsave_regs,global,class=BIGRAM,space=1,delta=1,noexec
    17                           	psect	rparam,global,class=COMRAM,space=1,delta=1,noexec
    18                           	psect	config,global,abs,ovrld,class=CONFIG,space=4,delta=1,noexec
    19   000000                     
    20                           ; Generated 17/10/2023 GMT
    21                           ; 
    22                           ; Copyright © 2023, Microchip Technology Inc. and its subsidiaries ("Microchip")
    23                           ; All rights reserved.
    24                           ; 
    25                           ; This software is developed by Microchip Technology Inc. and its subsidiaries ("Microch
      +                          ip").
    26                           ; 
    27                           ; Redistribution and use in source and binary forms, with or without modification, are
    28                           ; permitted provided that the following conditions are met:
    29                           ; 
    30                           ;     1. Redistributions of source code must retain the above copyright notice, this lis
      +                          t of
    31                           ;        conditions and the following disclaimer.
    32                           ; 
    33                           ;     2. Redistributions in binary form must reproduce the above copyright notice, this 
      +                          list
    34                           ;        of conditions and the following disclaimer in the documentation and/or other
    35                           ;        materials provided with the distribution. Publication is not required when
    36                           ;        this file is used in an embedded application.
    37                           ; 
    38                           ;     3. Microchip's name may not be used to endorse or promote products derived from th
      +                          is
    39                           ;        software without specific prior written permission.
    40                           ; 
    41                           ; THIS SOFTWARE IS PROVIDED BY MICROCHIP "AS IS" AND ANY EXPRESS OR IMPLIED WARRANTIES,
    42                           ; INCLUDING, BUT NOT LIMITED TO, THE IMPLIED WARRANTIES OF MERCHANTABILITY AND FITNESS F
      +                          OR
    43                           ; PURPOSE ARE DISCLAIMED.  IN NO EVENT SHALL MICROCHIP BE LIABLE FOR ANY DIRECT, INDIREC
      +                          T,
    44                           ; INCIDENTAL, SPECIAL, EXEMPLARY, OR CONSEQUENTIAL DAMAGES (INCLUDING BUT NOT LIMITED TO
    45                           ; PROCUREMENT OF SUBSTITUTE GOODS OR SERVICES; LOSS OF USE, DATA OR PROFITS; OR BUSINESS
    46                           ; INTERRUPTION) HOWSOEVER CAUSED AND ON ANY THEORY OF LIABILITY, WHETHER IN CONTRACT, ST
      +                          RICT
    47                           ; LIABILITY, OR TORT (INCLUDING NEGLIGENCE OR OTHERWISE) ARISING IN ANY WAY OUT OF THE U
      +                          SE OF
    48                           ; THIS SOFTWARE, EVEN IF ADVISED OF THE POSSIBILITY OF SUCH DAMAGE.
    49                           ; 
    50                           ; 
    51                           ; Code-generator required, PIC18F4620 Definitions
    52                           ; 
    53                           ; SFR Addresses
    54   000000                     
    55                           	psect	idataCOMRAM
    56   001350                     __pidataCOMRAM:
    57                           	callstack 0
    58                           
    59                           ;initializer for _port_registers
    60   001350  80                 	db	128
    61   001351  0F                 	db	15
    62   001352  81                 	db	129
    63   001353  0F                 	db	15
    64   001354  82                 	db	130
    65   001355  0F                 	db	15
    66   001356  83                 	db	131
    67   001357  0F                 	db	15
    68   001358  84                 	db	132
    69   001359  0F                 	db	15
    70                           
    71                           ;initializer for _lat_registers
    72   00135A  89                 	db	137
    73   00135B  0F                 	db	15
    74   00135C  8A                 	db	138
    75   00135D  0F                 	db	15
    76   00135E  8B                 	db	139
    77   00135F  0F                 	db	15
    78   001360  8C                 	db	140
    79   001361  0F                 	db	15
    80   001362  8D                 	db	141
    81   001363  0F                 	db	15
    82                           
    83                           ;initializer for _tris_registers
    84   001364  92                 	db	146
    85   001365  0F                 	db	15
    86   001366  93                 	db	147
    87   001367  0F                 	db	15
    88   001368  94                 	db	148
    89   001369  0F                 	db	15
    90   00136A  95                 	db	149
    91   00136B  0F                 	db	15
    92   00136C  96                 	db	150
    93   00136D  0F                 	db	15
    94                           
    95                           ;initializer for _array
    96   00136E  2E                 	db	low _led_1
    97   00136F  2D                 	db	low _led_2
    98   001370  2C                 	db	low _led_3
    99   001371  2B                 	db	low _led_4
   100   001372  2A                 	db	low _led_5
   101   001373  29                 	db	low _led_6
   102   001374  28                 	db	low _led_7
   103   001375  27                 	db	low _led_8
   104                           
   105                           ;initializer for _led_8
   106   001376  BA                 	db	186
   107                           
   108                           ;initializer for _led_7
   109   001377  B2                 	db	178
   110                           
   111                           ;initializer for _led_6
   112   001378  AA                 	db	170
   113                           
   114                           ;initializer for _led_5
   115   001379  A2                 	db	162
   116                           
   117                           ;initializer for _led_4
   118   00137A  9A                 	db	154
   119                           
   120                           ;initializer for _led_3
   121   00137B  92                 	db	146
   122                           
   123                           ;initializer for _led_2
   124   00137C  8A                 	db	138
   125                           
   126                           ;initializer for _led_1
   127   00137D  82                 	db	130
   128                           
   129                           	psect	nvCOMRAM
   130   00003F                     __pnvCOMRAM:
   131                           	callstack 0
   132   00003F                     _retVal:
   133                           	callstack 0
   134   00003F                     	ds	1
   135   000000                     _PORTE	set	3972
   136   000000                     _PORTD	set	3971
   137   000000                     _PORTC	set	3970
   138   000000                     _PORTB	set	3969
   139   000000                     _PORTA	set	3968
   140   000000                     _LATA	set	3977
   141   000000                     _TRISA	set	3986
   142   000000                     _TRISE	set	3990
   143   000000                     _TRISD	set	3989
   144   000000                     _TRISC	set	3988
   145   000000                     _TRISB	set	3987
   146   000000                     _LATE	set	3981
   147   000000                     _LATD	set	3980
   148   000000                     _LATC	set	3979
   149   000000                     _LATB	set	3978
   150                           
   151                           ; #config settings
   152                           
   153                           	psect	cinit
   154   00131C                     __pcinit:
   155                           	callstack 0
   156   00131C                     start_initialization:
   157                           	callstack 0
   158   00131C                     __initialization:
   159                           	callstack 0
   160                           
   161                           ; Initialize objects allocated to COMRAM (46 bytes)
   162                           ; load TBLPTR registers with __pidataCOMRAM
   163   00131C  0E50               	movlw	low __pidataCOMRAM
   164   00131E  6EF6               	movwf	tblptrl,c
   165   001320  0E13               	movlw	high __pidataCOMRAM
   166   001322  6EF7               	movwf	tblptrh,c
   167   001324  0E00               	movlw	low (__pidataCOMRAM shr (0+16))
   168   001326  6EF8               	movwf	tblptru,c
   169   001328  EE00  F001         	lfsr	0,__pdataCOMRAM
   170   00132C  EE10 F02E          	lfsr	1,46
   171   001330                     copy_data0:
   172   001330  0009               	tblrd		*+
   173   001332  CFF5 FFEE          	movff	tablat,postinc0
   174   001336  50E5               	movf	postdec1,w,c
   175   001338  50E1               	movf	fsr1l,w,c
   176   00133A  E1FA               	bnz	copy_data0
   177                           
   178                           ; Clear objects allocated to COMRAM (5 bytes)
   179   00133C  6A3E               	clrf	(__pbssCOMRAM+4)& (0+255),c
   180   00133E  6A3D               	clrf	(__pbssCOMRAM+3)& (0+255),c
   181   001340  6A3C               	clrf	(__pbssCOMRAM+2)& (0+255),c
   182   001342  6A3B               	clrf	(__pbssCOMRAM+1)& (0+255),c
   183   001344  6A3A               	clrf	__pbssCOMRAM& (0+255),c
   184   001346                     end_of_initialization:
   185                           	callstack 0
   186   001346                     __end_of__initialization:
   187                           	callstack 0
   188   001346  0E00               	movlw	low (__Lmediumconst shr (0+16))
   189   001348  6EF8               	movwf	tblptru,c
   190   00134A  0100               	movlb	0
   191   00134C  EF16  F009         	goto	_main	;jump to C main() function
   192                           
   193                           	psect	bssCOMRAM
   194   00003A                     __pbssCOMRAM:
   195                           	callstack 0
   196   00003A                     _led_st:
   197                           	callstack 0
   198   00003A                     	ds	1
   199   00003B                     led_turn_toggle@F2922:
   200                           	callstack 0
   201   00003B                     	ds	1
   202   00003C                     led_turn_off@F2917:
   203                           	callstack 0
   204   00003C                     	ds	1
   205   00003D                     led_turn_on@F2912:
   206                           	callstack 0
   207   00003D                     	ds	1
   208   00003E                     led_initialize@F2907:
   209                           	callstack 0
   210   00003E                     	ds	1
   211                           
   212                           	psect	dataCOMRAM
   213   000001                     __pdataCOMRAM:
   214                           	callstack 0
   215   000001                     _port_registers:
   216                           	callstack 0
   217   000001                     	ds	10
   218   00000B                     _lat_registers:
   219                           	callstack 0
   220   00000B                     	ds	10
   221   000015                     _tris_registers:
   222                           	callstack 0
   223   000015                     	ds	10
   224   00001F                     _array:
   225                           	callstack 0
   226   00001F                     	ds	8
   227   000027                     _led_8:
   228                           	callstack 0
   229   000027                     	ds	1
   230   000028                     _led_7:
   231                           	callstack 0
   232   000028                     	ds	1
   233   000029                     _led_6:
   234                           	callstack 0
   235   000029                     	ds	1
   236   00002A                     _led_5:
   237                           	callstack 0
   238   00002A                     	ds	1
   239   00002B                     _led_4:
   240                           	callstack 0
   241   00002B                     	ds	1
   242   00002C                     _led_3:
   243                           	callstack 0
   244   00002C                     	ds	1
   245   00002D                     _led_2:
   246                           	callstack 0
   247   00002D                     	ds	1
   248   00002E                     _led_1:
   249                           	callstack 0
   250   00002E                     	ds	1
   251                           
   252                           	psect	cstackCOMRAM
   253   00002F                     __pcstackCOMRAM:
   254                           	callstack 0
   255   00002F                     gpio_pin_direction_intialize@_pin_config:
   256                           	callstack 0
   257   00002F                     gpio_pin_write_logic@_pin_config:
   258                           	callstack 0
   259                           
   260                           ; 1 bytes @ 0x0
   261   00002F                     	ds	1
   262   000030                     ??_gpio_pin_direction_intialize:
   263   000030                     gpio_pin_write_logic@logic:
   264                           	callstack 0
   265                           
   266                           ; 1 bytes @ 0x1
   267   000030                     	ds	1
   268   000031                     ??_gpio_pin_write_logic:
   269                           
   270                           ; 1 bytes @ 0x2
   271   000031                     	ds	4
   272   000035                     gpio_pin_direction_intialize@retVal:
   273                           	callstack 0
   274                           
   275                           ; 1 bytes @ 0x6
   276   000035                     	ds	1
   277   000036                     gpio_pin_write_logic@retVal:
   278                           	callstack 0
   279   000036                     application_initalize@retVal:
   280                           	callstack 0
   281                           
   282                           ; 1 bytes @ 0x7
   283   000036                     	ds	1
   284   000037                     ??_main:
   285                           
   286                           ; 1 bytes @ 0x8
   287   000037                     	ds	2
   288   000039                     main@i:
   289                           	callstack 0
   290                           
   291                           ; 1 bytes @ 0xA
   292   000039                     	ds	1
   293                           
   294 ;;
   295 ;;Main: autosize = 0, tempsize = 2, incstack = 0, save=0
   296 ;;
   297 ;; *************** function _main *****************
   298 ;; Defined at:
   299 ;;		line 79 in file "Application.c"
   300 ;; Parameters:    Size  Location     Type
   301 ;;		None
   302 ;; Auto vars:     Size  Location     Type
   303 ;;  i               1   10[COMRAM] unsigned char 
   304 ;; Return value:  Size  Location     Type
   305 ;;                  2  185[None  ] int 
   306 ;; Registers used:
   307 ;;		wreg, fsr2l, fsr2h, status,2, status,0, prodl, prodh, cstack
   308 ;; Tracked objects:
   309 ;;		On entry : 0/0
   310 ;;		On exit  : 0/0
   311 ;;		Unchanged: 0/0
   312 ;; Data sizes:     COMRAM   BANK0   BANK1   BANK2   BANK3   BANK4   BANK5   BANK6   BANK7   BANK8   BANK9  BANK10  BANK1
      +1  BANK12  BANK13  BANK14  BANK15
   313 ;;      Params:         0       0       0       0       0       0       0       0       0       0       0       0       
      +0       0       0       0       0
   314 ;;      Locals:         1       0       0       0       0       0       0       0       0       0       0       0       
      +0       0       0       0       0
   315 ;;      Temps:          2       0       0       0       0       0       0       0       0       0       0       0       
      +0       0       0       0       0
   316 ;;      Totals:         3       0       0       0       0       0       0       0       0       0       0       0       
      +0       0       0       0       0
   317 ;;Total ram usage:        3 bytes
   318 ;; Hardware stack levels required when called: 2
   319 ;; This function calls:
   320 ;;		_application_initalize
   321 ;;		_gpio_pin_write_logic
   322 ;; This function is called by:
   323 ;;		Startup code after reset
   324 ;; This function uses a non-reentrant model
   325 ;;
   326                           
   327                           	psect	text0
   328   00122C                     __ptext0:
   329                           	callstack 0
   330   00122C                     _main:
   331                           	callstack 29
   332   00122C                     
   333                           ;Application.c: 81:     retVal = application_initalize();
   334   00122C  EC6B  F009         	call	_application_initalize	;wreg free
   335   001230  6E3F               	movwf	_retVal^0,c
   336   001232                     l1258:
   337                           
   338                           ;Application.c: 84:     {;Application.c: 85:         for(uint8_t i = 1; i <= 8; i++)
   339   001232  0E01               	movlw	1
   340   001234  6E39               	movwf	main@i^0,c
   341   001236                     l1264:
   342                           
   343                           ;Application.c: 86:         {;Application.c: 87:             if(i <= 5)
   344   001236  0E06               	movlw	6
   345   001238  6039               	cpfslt	main@i^0,c
   346   00123A  EF21  F009         	goto	u571
   347   00123E  EF23  F009         	goto	u570
   348   001242                     u571:
   349   001242  EF46  F009         	goto	l1270
   350   001246                     u570:
   351   001246                     
   352                           ;Application.c: 88:             {;Application.c: 89:                 retVal = gpio_pin_w
      +                          rite_logic(array[i - 1], GPIO_HIGH);
   353   001246  5039               	movf	main@i^0,w,c
   354   001248  0F1E               	addlw	low (_array+255)
   355   00124A  6ED9               	movwf	fsr2l,c
   356   00124C  6ADA               	clrf	fsr2h,c
   357   00124E  50DF               	movf	indf2,w,c
   358   001250  6E2F               	movwf	gpio_pin_write_logic@_pin_config^0,c
   359   001252  0E01               	movlw	1
   360   001254  6E30               	movwf	gpio_pin_write_logic@logic^0,c
   361   001256  EC8C  F008         	call	_gpio_pin_write_logic	;wreg free
   362   00125A  6E3F               	movwf	_retVal^0,c
   363                           
   364                           ;Application.c: 90:                 retVal = gpio_pin_write_logic(array[i + 2], GPIO_LOW
      +                          );
   365   00125C  5039               	movf	main@i^0,w,c
   366   00125E  0F21               	addlw	low (_array+2)
   367   001260  6ED9               	movwf	fsr2l,c
   368   001262  6ADA               	clrf	fsr2h,c
   369   001264  50DF               	movf	indf2,w,c
   370   001266  6E2F               	movwf	gpio_pin_write_logic@_pin_config^0,c
   371   001268  0E00               	movlw	0
   372   00126A  6E30               	movwf	gpio_pin_write_logic@logic^0,c
   373   00126C  EC8C  F008         	call	_gpio_pin_write_logic	;wreg free
   374   001270  6E3F               	movwf	_retVal^0,c
   375   001272                     l1268:
   376                           
   377                           ;Application.c: 91:                 _delay((unsigned long)((250)*(4000000UL/4000.0)));
   378   001272  0E02               	movlw	2
   379   001274  6E38               	movwf	(??_main+1)^0,c
   380   001276  0E45               	movlw	69
   381   001278  6E37               	movwf	??_main^0,c
   382   00127A  0EAA               	movlw	170
   383   00127C                     u597:
   384   00127C  2EE8               	decfsz	wreg,f,c
   385   00127E  D7FE               	bra	u597
   386   001280  2E37               	decfsz	??_main^0,f,c
   387   001282  D7FC               	bra	u597
   388   001284  2E38               	decfsz	(??_main+1)^0,f,c
   389   001286  D7FA               	bra	u597
   390                           
   391                           ;Application.c: 92:             }
   392   001288  EF5E  F009         	goto	l1274
   393   00128C                     l1270:
   394                           
   395                           ;Application.c: 94:             {;Application.c: 95:                 retVal = gpio_pin_w
      +                          rite_logic(array[i - 1], GPIO_HIGH);
   396   00128C  5039               	movf	main@i^0,w,c
   397   00128E  0F1E               	addlw	low (_array+255)
   398   001290  6ED9               	movwf	fsr2l,c
   399   001292  6ADA               	clrf	fsr2h,c
   400   001294  50DF               	movf	indf2,w,c
   401   001296  6E2F               	movwf	gpio_pin_write_logic@_pin_config^0,c
   402   001298  0E01               	movlw	1
   403   00129A  6E30               	movwf	gpio_pin_write_logic@logic^0,c
   404   00129C  EC8C  F008         	call	_gpio_pin_write_logic	;wreg free
   405   0012A0  6E3F               	movwf	_retVal^0,c
   406                           
   407                           ;Application.c: 96:                 retVal = gpio_pin_write_logic(array[i - 6], GPIO_LOW
      +                          );
   408   0012A2  5039               	movf	main@i^0,w,c
   409   0012A4  0F19               	addlw	low (_array+250)
   410   0012A6  6ED9               	movwf	fsr2l,c
   411   0012A8  6ADA               	clrf	fsr2h,c
   412   0012AA  50DF               	movf	indf2,w,c
   413   0012AC  6E2F               	movwf	gpio_pin_write_logic@_pin_config^0,c
   414   0012AE  0E00               	movlw	0
   415   0012B0  6E30               	movwf	gpio_pin_write_logic@logic^0,c
   416   0012B2  EC8C  F008         	call	_gpio_pin_write_logic	;wreg free
   417   0012B6  6E3F               	movwf	_retVal^0,c
   418   0012B8  EF39  F009         	goto	l1268
   419   0012BC                     l1274:
   420                           
   421                           ;Application.c: 99:         }
   422   0012BC  2A39               	incf	main@i^0,f,c
   423   0012BE  0E08               	movlw	8
   424   0012C0  6439               	cpfsgt	main@i^0,c
   425   0012C2  EF65  F009         	goto	u581
   426   0012C6  EF67  F009         	goto	u580
   427   0012CA                     u581:
   428   0012CA  EF1B  F009         	goto	l1264
   429   0012CE                     u580:
   430   0012CE  EF19  F009         	goto	l1258
   431   0012D2  EF00  F000         	goto	start
   432   0012D6                     __end_of_main:
   433                           	callstack 0
   434                           
   435 ;; *************** function _gpio_pin_write_logic *****************
   436 ;; Defined at:
   437 ;;		line 86 in file "MCAL_Layer/GPIO/hal_gpio.c"
   438 ;; Parameters:    Size  Location     Type
   439 ;;  _pin_config     1    0[COMRAM] PTR const struct .
   440 ;;		 -> led_8(1), led_7(1), led_6(1), led_5(1), 
   441 ;;		 -> led_4(1), led_3(1), led_2(1), led_1(1), 
   442 ;;		 -> led_turn_off@pin_obj(1), led_turn_on@pin_obj(1), led_initialize@pin_obj(1), 
   443 ;;  logic           1    1[COMRAM] enum E2837
   444 ;; Auto vars:     Size  Location     Type
   445 ;;  retVal          1    7[COMRAM] unsigned char 
   446 ;; Return value:  Size  Location     Type
   447 ;;                  1    wreg      unsigned char 
   448 ;; Registers used:
   449 ;;		wreg, fsr2l, fsr2h, status,2, status,0, prodl, prodh
   450 ;; Tracked objects:
   451 ;;		On entry : 0/0
   452 ;;		On exit  : 0/0
   453 ;;		Unchanged: 0/0
   454 ;; Data sizes:     COMRAM   BANK0   BANK1   BANK2   BANK3   BANK4   BANK5   BANK6   BANK7   BANK8   BANK9  BANK10  BANK1
      +1  BANK12  BANK13  BANK14  BANK15
   455 ;;      Params:         2       0       0       0       0       0       0       0       0       0       0       0       
      +0       0       0       0       0
   456 ;;      Locals:         1       0       0       0       0       0       0       0       0       0       0       0       
      +0       0       0       0       0
   457 ;;      Temps:          5       0       0       0       0       0       0       0       0       0       0       0       
      +0       0       0       0       0
   458 ;;      Totals:         8       0       0       0       0       0       0       0       0       0       0       0       
      +0       0       0       0       0
   459 ;;Total ram usage:        8 bytes
   460 ;; Hardware stack levels used: 1
   461 ;; This function calls:
   462 ;;		Nothing
   463 ;; This function is called by:
   464 ;;		_main
   465 ;;		_led_turn_on
   466 ;;		_led_turn_off
   467 ;;		_gpio_pin_intialize
   468 ;; This function uses a non-reentrant model
   469 ;;
   470                           
   471                           	psect	text1
   472   001118                     __ptext1:
   473                           	callstack 0
   474   001118                     _gpio_pin_write_logic:
   475                           	callstack 30
   476   001118                     
   477                           ;MCAL_Layer/GPIO/hal_gpio.c: 86: Std_ReturnType gpio_pin_write_logic(const pin_config_t 
      +                          *_pin_config, logic_t logic);MCAL_Layer/GPIO/hal_gpio.c: 87: {;MCAL_Layer/GPIO/hal_gpio.
      +                          c: 88:     Std_ReturnType retVal = (Std_ReturnType)0x01;
   478   001118  0E01               	movlw	1
   479   00111A  6E36               	movwf	gpio_pin_write_logic@retVal^0,c
   480                           
   481                           ;MCAL_Layer/GPIO/hal_gpio.c: 90:     if(((void*)0) != _pin_config || (_pin_config->pin <
      +                           8))
   482   00111C  502F               	movf	gpio_pin_write_logic@_pin_config^0,w,c
   483   00111E  A4D8               	btfss	status,2,c
   484   001120  EF94  F008         	goto	u451
   485   001124  EF96  F008         	goto	u450
   486   001128                     u451:
   487   001128  EFFF  F008         	goto	l1162
   488   00112C                     u450:
   489   00112C  502F               	movf	gpio_pin_write_logic@_pin_config^0,w,c
   490   00112E  6ED9               	movwf	fsr2l,c
   491   001130  6ADA               	clrf	fsr2h,c
   492   001132  30DF               	rrcf	223,w,c
   493   001134  32E8               	rrcf	wreg,f,c
   494   001136  32E8               	rrcf	wreg,f,c
   495   001138  0B07               	andlw	7
   496   00113A  6E31               	movwf	??_gpio_pin_write_logic^0,c
   497   00113C  0E08               	movlw	8
   498   00113E  6031               	cpfslt	??_gpio_pin_write_logic^0,c
   499   001140  EFA4  F008         	goto	u461
   500   001144  EFA6  F008         	goto	u460
   501   001148                     u461:
   502   001148  EFFB  F008         	goto	l1158
   503   00114C                     u460:
   504   00114C  EFFF  F008         	goto	l1162
   505   001150                     l1154:
   506                           
   507                           ;MCAL_Layer/GPIO/hal_gpio.c: 95:                 (*lat_registers[_pin_config->port] &= ~
      +                          ((uint8)1 << _pin_config->pin));
   508   001150  502F               	movf	gpio_pin_write_logic@_pin_config^0,w,c
   509   001152  6ED9               	movwf	fsr2l,c
   510   001154  6ADA               	clrf	fsr2h,c
   511   001156  30DF               	rrcf	223,w,c
   512   001158  32E8               	rrcf	wreg,f,c
   513   00115A  32E8               	rrcf	wreg,f,c
   514   00115C  0B07               	andlw	7
   515   00115E  6E31               	movwf	??_gpio_pin_write_logic^0,c
   516   001160  0E01               	movlw	1
   517   001162  6E32               	movwf	(??_gpio_pin_write_logic+1)^0,c
   518   001164  2A31               	incf	??_gpio_pin_write_logic^0,f,c
   519   001166  EFB7  F008         	goto	u474
   520   00116A                     u475:
   521   00116A  90D8               	bcf	status,0,c
   522   00116C  3632               	rlcf	(??_gpio_pin_write_logic+1)^0,f,c
   523   00116E                     u474:
   524   00116E  2E31               	decfsz	??_gpio_pin_write_logic^0,f,c
   525   001170  EFB5  F008         	goto	u475
   526   001174  5032               	movf	(??_gpio_pin_write_logic+1)^0,w,c
   527   001176  0AFF               	xorlw	255
   528   001178  6E33               	movwf	(??_gpio_pin_write_logic+2)^0,c
   529   00117A  502F               	movf	gpio_pin_write_logic@_pin_config^0,w,c
   530   00117C  6ED9               	movwf	fsr2l,c
   531   00117E  6ADA               	clrf	fsr2h,c
   532   001180  50DF               	movf	223,w,c
   533   001182  0B07               	andlw	7
   534   001184  0D02               	mullw	2
   535   001186  50F3               	movf	243,w,c
   536   001188  0F0B               	addlw	low _lat_registers
   537   00118A  6ED9               	movwf	fsr2l,c
   538   00118C  6ADA               	clrf	fsr2h,c
   539   00118E  CFDE F034          	movff	postinc2,??_gpio_pin_write_logic+3
   540   001192  CFDD F035          	movff	postdec2,??_gpio_pin_write_logic+4
   541   001196  C034  FFD9         	movff	??_gpio_pin_write_logic+3,fsr2l
   542   00119A  C035  FFDA         	movff	??_gpio_pin_write_logic+4,fsr2h
   543   00119E  5033               	movf	(??_gpio_pin_write_logic+2)^0,w,c
   544   0011A0  16DF               	andwf	indf2,f,c
   545                           
   546                           ;MCAL_Layer/GPIO/hal_gpio.c: 96:                 break;
   547   0011A2  EF14  F009         	goto	l100
   548   0011A6                     l1156:
   549                           
   550                           ;MCAL_Layer/GPIO/hal_gpio.c: 98:                 (*lat_registers[_pin_config->port] |= (
      +                          (uint8)1 << _pin_config->pin));
   551   0011A6  502F               	movf	gpio_pin_write_logic@_pin_config^0,w,c
   552   0011A8  6ED9               	movwf	fsr2l,c
   553   0011AA  6ADA               	clrf	fsr2h,c
   554   0011AC  30DF               	rrcf	223,w,c
   555   0011AE  32E8               	rrcf	wreg,f,c
   556   0011B0  32E8               	rrcf	wreg,f,c
   557   0011B2  0B07               	andlw	7
   558   0011B4  6E31               	movwf	??_gpio_pin_write_logic^0,c
   559   0011B6  0E01               	movlw	1
   560   0011B8  6E32               	movwf	(??_gpio_pin_write_logic+1)^0,c
   561   0011BA  2A31               	incf	??_gpio_pin_write_logic^0,f,c
   562   0011BC  EFE2  F008         	goto	u484
   563   0011C0                     u485:
   564   0011C0  90D8               	bcf	status,0,c
   565   0011C2  3632               	rlcf	(??_gpio_pin_write_logic+1)^0,f,c
   566   0011C4                     u484:
   567   0011C4  2E31               	decfsz	??_gpio_pin_write_logic^0,f,c
   568   0011C6  EFE0  F008         	goto	u485
   569   0011CA  502F               	movf	gpio_pin_write_logic@_pin_config^0,w,c
   570   0011CC  6ED9               	movwf	fsr2l,c
   571   0011CE  6ADA               	clrf	fsr2h,c
   572   0011D0  50DF               	movf	223,w,c
   573   0011D2  0B07               	andlw	7
   574   0011D4  0D02               	mullw	2
   575   0011D6  50F3               	movf	243,w,c
   576   0011D8  0F0B               	addlw	low _lat_registers
   577   0011DA  6ED9               	movwf	fsr2l,c
   578   0011DC  6ADA               	clrf	fsr2h,c
   579   0011DE  CFDE F033          	movff	postinc2,??_gpio_pin_write_logic+2
   580   0011E2  CFDD F034          	movff	postdec2,??_gpio_pin_write_logic+3
   581   0011E6  C033  FFD9         	movff	??_gpio_pin_write_logic+2,fsr2l
   582   0011EA  C034  FFDA         	movff	??_gpio_pin_write_logic+3,fsr2h
   583   0011EE  5032               	movf	(??_gpio_pin_write_logic+1)^0,w,c
   584   0011F0  12DF               	iorwf	indf2,f,c
   585                           
   586                           ;MCAL_Layer/GPIO/hal_gpio.c: 99:                 break;
   587   0011F2  EF14  F009         	goto	l100
   588   0011F6                     l1158:
   589                           
   590                           ;MCAL_Layer/GPIO/hal_gpio.c: 102:                 retVal = (Std_ReturnType)0x00;
   591   0011F6  0E00               	movlw	0
   592   0011F8  6E36               	movwf	gpio_pin_write_logic@retVal^0,c
   593                           
   594                           ;MCAL_Layer/GPIO/hal_gpio.c: 103:                 break;
   595   0011FA  EF14  F009         	goto	l100
   596   0011FE                     l1162:
   597   0011FE  5030               	movf	gpio_pin_write_logic@logic^0,w,c
   598   001200  6E31               	movwf	??_gpio_pin_write_logic^0,c
   599   001202  6A32               	clrf	(??_gpio_pin_write_logic+1)^0,c
   600                           
   601                           ; Switch on 2 bytes has been partitioned into a top level switch of size 1, and 1 sub-sw
      +                          itches
   602                           ; Switch size 1, requested type "simple"
   603                           ; Number of cases is 1, Range of values is 0 to 0
   604                           ; switch strategies available:
   605                           ; Name         Instructions Cycles
   606                           ; simple_byte            4     3 (average)
   607                           ;	Chosen strategy is simple_byte
   608   001204  5032               	movf	(??_gpio_pin_write_logic+1)^0,w,c
   609   001206  0A00               	xorlw	0	; case 0
   610   001208  B4D8               	btfsc	status,2,c
   611   00120A  EF09  F009         	goto	l1282
   612   00120E  EFFB  F008         	goto	l1158
   613   001212                     l1282:
   614                           
   615                           ; Switch size 1, requested type "simple"
   616                           ; Number of cases is 2, Range of values is 0 to 1
   617                           ; switch strategies available:
   618                           ; Name         Instructions Cycles
   619                           ; simple_byte            7     4 (average)
   620                           ;	Chosen strategy is simple_byte
   621   001212  5031               	movf	??_gpio_pin_write_logic^0,w,c
   622   001214  0A00               	xorlw	0	; case 0
   623   001216  B4D8               	btfsc	status,2,c
   624   001218  EFA8  F008         	goto	l1154
   625   00121C  0A01               	xorlw	1	; case 1
   626   00121E  B4D8               	btfsc	status,2,c
   627   001220  EFD3  F008         	goto	l1156
   628   001224  EFFB  F008         	goto	l1158
   629   001228                     l100:
   630                           
   631                           ;MCAL_Layer/GPIO/hal_gpio.c: 111:     return retVal;
   632   001228  5036               	movf	gpio_pin_write_logic@retVal^0,w,c
   633   00122A  0012               	return		;funcret
   634   00122C                     __end_of_gpio_pin_write_logic:
   635                           	callstack 0
   636                           
   637 ;; *************** function _application_initalize *****************
   638 ;; Defined at:
   639 ;;		line 105 in file "Application.c"
   640 ;; Parameters:    Size  Location     Type
   641 ;;		None
   642 ;; Auto vars:     Size  Location     Type
   643 ;;  retVal          1    7[COMRAM] unsigned char 
   644 ;; Return value:  Size  Location     Type
   645 ;;                  1    wreg      unsigned char 
   646 ;; Registers used:
   647 ;;		wreg, fsr2l, fsr2h, status,2, status,0, prodl, prodh, cstack
   648 ;; Tracked objects:
   649 ;;		On entry : 0/0
   650 ;;		On exit  : 0/0
   651 ;;		Unchanged: 0/0
   652 ;; Data sizes:     COMRAM   BANK0   BANK1   BANK2   BANK3   BANK4   BANK5   BANK6   BANK7   BANK8   BANK9  BANK10  BANK1
      +1  BANK12  BANK13  BANK14  BANK15
   653 ;;      Params:         0       0       0       0       0       0       0       0       0       0       0       0       
      +0       0       0       0       0
   654 ;;      Locals:         1       0       0       0       0       0       0       0       0       0       0       0       
      +0       0       0       0       0
   655 ;;      Temps:          0       0       0       0       0       0       0       0       0       0       0       0       
      +0       0       0       0       0
   656 ;;      Totals:         1       0       0       0       0       0       0       0       0       0       0       0       
      +0       0       0       0       0
   657 ;;Total ram usage:        1 bytes
   658 ;; Hardware stack levels used: 1
   659 ;; Hardware stack levels required when called: 1
   660 ;; This function calls:
   661 ;;		_gpio_pin_direction_intialize
   662 ;; This function is called by:
   663 ;;		_main
   664 ;; This function uses a non-reentrant model
   665 ;;
   666                           
   667                           	psect	text2
   668   0012D6                     __ptext2:
   669                           	callstack 0
   670   0012D6                     _application_initalize:
   671                           	callstack 29
   672   0012D6  0E2E               	movlw	low _led_1
   673   0012D8  6E2F               	movwf	gpio_pin_direction_intialize@_pin_config^0,c
   674   0012DA  EC01  F008         	call	_gpio_pin_direction_intialize	;wreg free
   675   0012DE  0E2D               	movlw	low _led_2
   676   0012E0  6E2F               	movwf	gpio_pin_direction_intialize@_pin_config^0,c
   677   0012E2  EC01  F008         	call	_gpio_pin_direction_intialize	;wreg free
   678   0012E6  0E2C               	movlw	low _led_3
   679   0012E8  6E2F               	movwf	gpio_pin_direction_intialize@_pin_config^0,c
   680   0012EA  EC01  F008         	call	_gpio_pin_direction_intialize	;wreg free
   681   0012EE  0E2B               	movlw	low _led_4
   682   0012F0  6E2F               	movwf	gpio_pin_direction_intialize@_pin_config^0,c
   683   0012F2  EC01  F008         	call	_gpio_pin_direction_intialize	;wreg free
   684   0012F6  0E2A               	movlw	low _led_5
   685   0012F8  6E2F               	movwf	gpio_pin_direction_intialize@_pin_config^0,c
   686   0012FA  EC01  F008         	call	_gpio_pin_direction_intialize	;wreg free
   687   0012FE  0E29               	movlw	low _led_6
   688   001300  6E2F               	movwf	gpio_pin_direction_intialize@_pin_config^0,c
   689   001302  EC01  F008         	call	_gpio_pin_direction_intialize	;wreg free
   690   001306  0E28               	movlw	low _led_7
   691   001308  6E2F               	movwf	gpio_pin_direction_intialize@_pin_config^0,c
   692   00130A  EC01  F008         	call	_gpio_pin_direction_intialize	;wreg free
   693   00130E                     
   694                           ;Application.c: 116:     retVal = gpio_pin_direction_intialize(&led_8);
   695   00130E  0E27               	movlw	low _led_8
   696   001310  6E2F               	movwf	gpio_pin_direction_intialize@_pin_config^0,c
   697   001312  EC01  F008         	call	_gpio_pin_direction_intialize	;wreg free
   698   001316  6E36               	movwf	application_initalize@retVal^0,c
   699                           
   700                           ;Application.c: 118:     return retVal;
   701   001318  5036               	movf	application_initalize@retVal^0,w,c
   702   00131A  0012               	return		;funcret
   703   00131C                     __end_of_application_initalize:
   704                           	callstack 0
   705                           
   706 ;; *************** function _gpio_pin_direction_intialize *****************
   707 ;; Defined at:
   708 ;;		line 22 in file "MCAL_Layer/GPIO/hal_gpio.c"
   709 ;; Parameters:    Size  Location     Type
   710 ;;  _pin_config     1    0[COMRAM] PTR const struct .
   711 ;;		 -> led_8(1), led_7(1), led_6(1), led_5(1), 
   712 ;;		 -> led_4(1), led_3(1), led_2(1), led_1(1), 
   713 ;;		 -> led_initialize@pin_obj(1), 
   714 ;; Auto vars:     Size  Location     Type
   715 ;;  retVal          1    6[COMRAM] unsigned char 
   716 ;; Return value:  Size  Location     Type
   717 ;;                  1    wreg      unsigned char 
   718 ;; Registers used:
   719 ;;		wreg, fsr2l, fsr2h, status,2, status,0, prodl, prodh
   720 ;; Tracked objects:
   721 ;;		On entry : 0/0
   722 ;;		On exit  : 0/0
   723 ;;		Unchanged: 0/0
   724 ;; Data sizes:     COMRAM   BANK0   BANK1   BANK2   BANK3   BANK4   BANK5   BANK6   BANK7   BANK8   BANK9  BANK10  BANK1
      +1  BANK12  BANK13  BANK14  BANK15
   725 ;;      Params:         1       0       0       0       0       0       0       0       0       0       0       0       
      +0       0       0       0       0
   726 ;;      Locals:         1       0       0       0       0       0       0       0       0       0       0       0       
      +0       0       0       0       0
   727 ;;      Temps:          5       0       0       0       0       0       0       0       0       0       0       0       
      +0       0       0       0       0
   728 ;;      Totals:         7       0       0       0       0       0       0       0       0       0       0       0       
      +0       0       0       0       0
   729 ;;Total ram usage:        7 bytes
   730 ;; Hardware stack levels used: 1
   731 ;; This function calls:
   732 ;;		Nothing
   733 ;; This function is called by:
   734 ;;		_application_initalize
   735 ;;		_gpio_pin_intialize
   736 ;; This function uses a non-reentrant model
   737 ;;
   738                           
   739                           	psect	text3
   740   001002                     __ptext3:
   741                           	callstack 0
   742   001002                     _gpio_pin_direction_intialize:
   743                           	callstack 29
   744   001002                     
   745                           ;MCAL_Layer/GPIO/hal_gpio.c: 22: Std_ReturnType gpio_pin_direction_intialize(const pin_c
      +                          onfig_t *_pin_config);MCAL_Layer/GPIO/hal_gpio.c: 23: {;MCAL_Layer/GPIO/hal_gpio.c: 24: 
      +                              Std_ReturnType retVal = (Std_ReturnType)0x01;
   746   001002  0E01               	movlw	1
   747   001004  6E35               	movwf	gpio_pin_direction_intialize@retVal^0,c
   748                           
   749                           ;MCAL_Layer/GPIO/hal_gpio.c: 26:     if((((void*)0) != _pin_config) || (_pin_config->pin
      +                           < 8))
   750   001006  502F               	movf	gpio_pin_direction_intialize@_pin_config^0,w,c
   751   001008  A4D8               	btfss	status,2,c
   752   00100A  EF09  F008         	goto	u401
   753   00100E  EF0B  F008         	goto	u400
   754   001012                     u401:
   755   001012  EF74  F008         	goto	l1144
   756   001016                     u400:
   757   001016  502F               	movf	gpio_pin_direction_intialize@_pin_config^0,w,c
   758   001018  6ED9               	movwf	fsr2l,c
   759   00101A  6ADA               	clrf	fsr2h,c
   760   00101C  30DF               	rrcf	223,w,c
   761   00101E  32E8               	rrcf	wreg,f,c
   762   001020  32E8               	rrcf	wreg,f,c
   763   001022  0B07               	andlw	7
   764   001024  6E30               	movwf	??_gpio_pin_direction_intialize^0,c
   765   001026  0E08               	movlw	8
   766   001028  6030               	cpfslt	??_gpio_pin_direction_intialize^0,c
   767   00102A  EF19  F008         	goto	u411
   768   00102E  EF1B  F008         	goto	u410
   769   001032                     u411:
   770   001032  EF70  F008         	goto	l1140
   771   001036                     u410:
   772   001036  EF74  F008         	goto	l1144
   773   00103A                     l1136:
   774                           
   775                           ;MCAL_Layer/GPIO/hal_gpio.c: 31:                 (*tris_registers[_pin_config->port] &= 
      +                          ~((uint8)1 << _pin_config->pin));
   776   00103A  502F               	movf	gpio_pin_direction_intialize@_pin_config^0,w,c
   777   00103C  6ED9               	movwf	fsr2l,c
   778   00103E  6ADA               	clrf	fsr2h,c
   779   001040  30DF               	rrcf	223,w,c
   780   001042  32E8               	rrcf	wreg,f,c
   781   001044  32E8               	rrcf	wreg,f,c
   782   001046  0B07               	andlw	7
   783   001048  6E30               	movwf	??_gpio_pin_direction_intialize^0,c
   784   00104A  0E01               	movlw	1
   785   00104C  6E31               	movwf	(??_gpio_pin_direction_intialize+1)^0,c
   786   00104E  2A30               	incf	??_gpio_pin_direction_intialize^0,f,c
   787   001050  EF2C  F008         	goto	u424
   788   001054                     u425:
   789   001054  90D8               	bcf	status,0,c
   790   001056  3631               	rlcf	(??_gpio_pin_direction_intialize+1)^0,f,c
   791   001058                     u424:
   792   001058  2E30               	decfsz	??_gpio_pin_direction_intialize^0,f,c
   793   00105A  EF2A  F008         	goto	u425
   794   00105E  5031               	movf	(??_gpio_pin_direction_intialize+1)^0,w,c
   795   001060  0AFF               	xorlw	255
   796   001062  6E32               	movwf	(??_gpio_pin_direction_intialize+2)^0,c
   797   001064  502F               	movf	gpio_pin_direction_intialize@_pin_config^0,w,c
   798   001066  6ED9               	movwf	fsr2l,c
   799   001068  6ADA               	clrf	fsr2h,c
   800   00106A  50DF               	movf	223,w,c
   801   00106C  0B07               	andlw	7
   802   00106E  0D02               	mullw	2
   803   001070  50F3               	movf	243,w,c
   804   001072  0F15               	addlw	low _tris_registers
   805   001074  6ED9               	movwf	fsr2l,c
   806   001076  6ADA               	clrf	fsr2h,c
   807   001078  CFDE F033          	movff	postinc2,??_gpio_pin_direction_intialize+3
   808   00107C  CFDD F034          	movff	postdec2,??_gpio_pin_direction_intialize+4
   809   001080  C033  FFD9         	movff	??_gpio_pin_direction_intialize+3,fsr2l
   810   001084  C034  FFDA         	movff	??_gpio_pin_direction_intialize+4,fsr2h
   811   001088  5032               	movf	(??_gpio_pin_direction_intialize+2)^0,w,c
   812   00108A  16DF               	andwf	indf2,f,c
   813                           
   814                           ;MCAL_Layer/GPIO/hal_gpio.c: 32:                 break;
   815   00108C  EF8A  F008         	goto	l81
   816   001090                     l1138:
   817                           
   818                           ;MCAL_Layer/GPIO/hal_gpio.c: 34:                 (*tris_registers[_pin_config->port] |= 
      +                          ((uint8)1 << _pin_config->pin));
   819   001090  502F               	movf	gpio_pin_direction_intialize@_pin_config^0,w,c
   820   001092  6ED9               	movwf	fsr2l,c
   821   001094  6ADA               	clrf	fsr2h,c
   822   001096  30DF               	rrcf	223,w,c
   823   001098  32E8               	rrcf	wreg,f,c
   824   00109A  32E8               	rrcf	wreg,f,c
   825   00109C  0B07               	andlw	7
   826   00109E  6E30               	movwf	??_gpio_pin_direction_intialize^0,c
   827   0010A0  0E01               	movlw	1
   828   0010A2  6E31               	movwf	(??_gpio_pin_direction_intialize+1)^0,c
   829   0010A4  2A30               	incf	??_gpio_pin_direction_intialize^0,f,c
   830   0010A6  EF57  F008         	goto	u434
   831   0010AA                     u435:
   832   0010AA  90D8               	bcf	status,0,c
   833   0010AC  3631               	rlcf	(??_gpio_pin_direction_intialize+1)^0,f,c
   834   0010AE                     u434:
   835   0010AE  2E30               	decfsz	??_gpio_pin_direction_intialize^0,f,c
   836   0010B0  EF55  F008         	goto	u435
   837   0010B4  502F               	movf	gpio_pin_direction_intialize@_pin_config^0,w,c
   838   0010B6  6ED9               	movwf	fsr2l,c
   839   0010B8  6ADA               	clrf	fsr2h,c
   840   0010BA  50DF               	movf	223,w,c
   841   0010BC  0B07               	andlw	7
   842   0010BE  0D02               	mullw	2
   843   0010C0  50F3               	movf	243,w,c
   844   0010C2  0F15               	addlw	low _tris_registers
   845   0010C4  6ED9               	movwf	fsr2l,c
   846   0010C6  6ADA               	clrf	fsr2h,c
   847   0010C8  CFDE F032          	movff	postinc2,??_gpio_pin_direction_intialize+2
   848   0010CC  CFDD F033          	movff	postdec2,??_gpio_pin_direction_intialize+3
   849   0010D0  C032  FFD9         	movff	??_gpio_pin_direction_intialize+2,fsr2l
   850   0010D4  C033  FFDA         	movff	??_gpio_pin_direction_intialize+3,fsr2h
   851   0010D8  5031               	movf	(??_gpio_pin_direction_intialize+1)^0,w,c
   852   0010DA  12DF               	iorwf	indf2,f,c
   853                           
   854                           ;MCAL_Layer/GPIO/hal_gpio.c: 35:                 break;
   855   0010DC  EF8A  F008         	goto	l81
   856   0010E0                     l1140:
   857                           
   858                           ;MCAL_Layer/GPIO/hal_gpio.c: 38:                 retVal = (Std_ReturnType)0x00;
   859   0010E0  0E00               	movlw	0
   860   0010E2  6E35               	movwf	gpio_pin_direction_intialize@retVal^0,c
   861                           
   862                           ;MCAL_Layer/GPIO/hal_gpio.c: 39:                 break;
   863   0010E4  EF8A  F008         	goto	l81
   864   0010E8                     l1144:
   865   0010E8  502F               	movf	gpio_pin_direction_intialize@_pin_config^0,w,c
   866   0010EA  6ED9               	movwf	fsr2l,c
   867   0010EC  6ADA               	clrf	fsr2h,c
   868   0010EE  BCDF               	btfsc	indf2,6,c
   869   0010F0  EF7C  F008         	goto	u441
   870   0010F4  EF7F  F008         	goto	u440
   871   0010F8                     u441:
   872   0010F8  0E01               	movlw	1
   873   0010FA  EF80  F008         	goto	u446
   874   0010FE                     u440:
   875   0010FE  0E00               	movlw	0
   876   001100                     u446:
   877                           
   878                           ; Switch size 1, requested type "simple"
   879                           ; Number of cases is 2, Range of values is 0 to 1
   880                           ; switch strategies available:
   881                           ; Name         Instructions Cycles
   882                           ; simple_byte            7     4 (average)
   883                           ;	Chosen strategy is simple_byte
   884   001100  0A00               	xorlw	0	; case 0
   885   001102  B4D8               	btfsc	status,2,c
   886   001104  EF1D  F008         	goto	l1136
   887   001108  0A01               	xorlw	1	; case 1
   888   00110A  B4D8               	btfsc	status,2,c
   889   00110C  EF48  F008         	goto	l1138
   890   001110  EF70  F008         	goto	l1140
   891   001114                     l81:
   892                           
   893                           ;MCAL_Layer/GPIO/hal_gpio.c: 47:     return retVal;
   894   001114  5035               	movf	gpio_pin_direction_intialize@retVal^0,w,c
   895   001116  0012               	return		;funcret
   896   001118                     __end_of_gpio_pin_direction_intialize:
   897                           	callstack 0
   898                           
   899                           	psect	smallconst
   900   001000                     __psmallconst:
   901                           	callstack 0
   902   001000  00                 	db	0
   903   001001  00                 	db	0	; dummy byte at the end
   904   000000                     
   905                           	psect	rparam
   906   000000                     
   907                           	psect	config
   908                           
   909                           ; Padding undefined space
   910   300000                     	org	3145728
   911   300000  FF                 	db	255
   912                           
   913                           ;Config register CONFIG1H @ 0x300001
   914                           ;	Oscillator Selection bits
   915                           ;	OSC = HS, HS oscillator
   916                           ;	Fail-Safe Clock Monitor Enable bit
   917                           ;	FCMEN = OFF, Fail-Safe Clock Monitor disabled
   918                           ;	Internal/External Oscillator Switchover bit
   919                           ;	IESO = OFF, Oscillator Switchover mode disabled
   920   300001                     	org	3145729
   921   300001  02                 	db	2
   922                           
   923                           ;Config register CONFIG2L @ 0x300002
   924                           ;	Power-up Timer Enable bit
   925                           ;	PWRT = OFF, PWRT disabled
   926                           ;	Brown-out Reset Enable bits
   927                           ;	BOREN = OFF, Brown-out Reset disabled in hardware and software
   928                           ;	Brown Out Reset Voltage bits
   929                           ;	BORV = 1, 
   930   300002                     	org	3145730
   931   300002  09                 	db	9
   932                           
   933                           ;Config register CONFIG2H @ 0x300003
   934                           ;	Watchdog Timer Enable bit
   935                           ;	WDT = OFF, WDT disabled (control is placed on the SWDTEN bit)
   936                           ;	Watchdog Timer Postscale Select bits
   937                           ;	WDTPS = 32768, 1:32768
   938   300003                     	org	3145731
   939   300003  1E                 	db	30
   940                           
   941                           ; Padding undefined space
   942   300004                     	org	3145732
   943   300004  FF                 	db	255
   944                           
   945                           ;Config register CONFIG3H @ 0x300005
   946                           ;	CCP2 MUX bit
   947                           ;	CCP2MX = PORTC, CCP2 input/output is multiplexed with RC1
   948                           ;	PORTB A/D Enable bit
   949                           ;	PBADEN = OFF, PORTB<4:0> pins are configured as digital I/O on Reset
   950                           ;	Low-Power Timer1 Oscillator Enable bit
   951                           ;	LPT1OSC = OFF, Timer1 configured for higher power operation
   952                           ;	MCLR Pin Enable bit
   953                           ;	MCLRE = ON, MCLR pin enabled; RE3 input pin disabled
   954   300005                     	org	3145733
   955   300005  81                 	db	129
   956                           
   957                           ;Config register CONFIG4L @ 0x300006
   958                           ;	Stack Full/Underflow Reset Enable bit
   959                           ;	STVREN = ON, Stack full/underflow will cause Reset
   960                           ;	Single-Supply ICSP Enable bit
   961                           ;	LVP = OFF, Single-Supply ICSP disabled
   962                           ;	Extended Instruction Set Enable bit
   963                           ;	XINST = OFF, Instruction set extension and Indexed Addressing mode disabled (Legacy mo
      +                          de)
   964                           ;	Background Debugger Enable bit
   965                           ;	DEBUG = 0x1, unprogrammed default
   966   300006                     	org	3145734
   967   300006  81                 	db	129
   968                           
   969                           ; Padding undefined space
   970   300007                     	org	3145735
   971   300007  FF                 	db	255
   972                           
   973                           ;Config register CONFIG5L @ 0x300008
   974                           ;	Code Protection bit
   975                           ;	CP0 = OFF, Block 0 (000800-003FFFh) not code-protected
   976                           ;	Code Protection bit
   977                           ;	CP1 = OFF, Block 1 (004000-007FFFh) not code-protected
   978                           ;	Code Protection bit
   979                           ;	CP2 = OFF, Block 2 (008000-00BFFFh) not code-protected
   980                           ;	Code Protection bit
   981                           ;	CP3 = OFF, Block 3 (00C000-00FFFFh) not code-protected
   982   300008                     	org	3145736
   983   300008  0F                 	db	15
   984                           
   985                           ;Config register CONFIG5H @ 0x300009
   986                           ;	Boot Block Code Protection bit
   987                           ;	CPB = OFF, Boot block (000000-0007FFh) not code-protected
   988                           ;	Data EEPROM Code Protection bit
   989                           ;	CPD = OFF, Data EEPROM not code-protected
   990   300009                     	org	3145737
   991   300009  C0                 	db	192
   992                           
   993                           ;Config register CONFIG6L @ 0x30000A
   994                           ;	Write Protection bit
   995                           ;	WRT0 = OFF, Block 0 (000800-003FFFh) not write-protected
   996                           ;	Write Protection bit
   997                           ;	WRT1 = OFF, Block 1 (004000-007FFFh) not write-protected
   998                           ;	Write Protection bit
   999                           ;	WRT2 = OFF, Block 2 (008000-00BFFFh) not write-protected
  1000                           ;	Write Protection bit
  1001                           ;	WRT3 = OFF, Block 3 (00C000-00FFFFh) not write-protected
  1002   30000A                     	org	3145738
  1003   30000A  0F                 	db	15
  1004                           
  1005                           ;Config register CONFIG6H @ 0x30000B
  1006                           ;	Configuration Register Write Protection bit
  1007                           ;	WRTC = OFF, Configuration registers (300000-3000FFh) not write-protected
  1008                           ;	Boot Block Write Protection bit
  1009                           ;	WRTB = OFF, Boot Block (000000-0007FFh) not write-protected
  1010                           ;	Data EEPROM Write Protection bit
  1011                           ;	WRTD = OFF, Data EEPROM not write-protected
  1012   30000B                     	org	3145739
  1013   30000B  E0                 	db	224
  1014                           
  1015                           ;Config register CONFIG7L @ 0x30000C
  1016                           ;	Table Read Protection bit
  1017                           ;	EBTR0 = OFF, Block 0 (000800-003FFFh) not protected from table reads executed in other
      +                           blocks
  1018                           ;	Table Read Protection bit
  1019                           ;	EBTR1 = OFF, Block 1 (004000-007FFFh) not protected from table reads executed in other
      +                           blocks
  1020                           ;	Table Read Protection bit
  1021                           ;	EBTR2 = OFF, Block 2 (008000-00BFFFh) not protected from table reads executed in other
      +                           blocks
  1022                           ;	Table Read Protection bit
  1023                           ;	EBTR3 = OFF, Block 3 (00C000-00FFFFh) not protected from table reads executed in other
      +                           blocks
  1024   30000C                     	org	3145740
  1025   30000C  0F                 	db	15
  1026                           
  1027                           ;Config register CONFIG7H @ 0x30000D
  1028                           ;	Boot Block Table Read Protection bit
  1029                           ;	EBTRB = OFF, Boot Block (000000-0007FFh) not protected from table reads executed in ot
      +                          her blocks
  1030   30000D                     	org	3145741
  1031   30000D  40                 	db	64
  1032                           tosu	equ	0xFFF
  1033                           tosh	equ	0xFFE
  1034                           tosl	equ	0xFFD
  1035                           stkptr	equ	0xFFC
  1036                           pclatu	equ	0xFFB
  1037                           pclath	equ	0xFFA
  1038                           pcl	equ	0xFF9
  1039                           tblptru	equ	0xFF8
  1040                           tblptrh	equ	0xFF7
  1041                           tblptrl	equ	0xFF6
  1042                           tablat	equ	0xFF5
  1043                           prodh	equ	0xFF4
  1044                           prodl	equ	0xFF3
  1045                           indf0	equ	0xFEF
  1046                           postinc0	equ	0xFEE
  1047                           postdec0	equ	0xFED
  1048                           preinc0	equ	0xFEC
  1049                           plusw0	equ	0xFEB
  1050                           fsr0h	equ	0xFEA
  1051                           fsr0l	equ	0xFE9
  1052                           wreg	equ	0xFE8
  1053                           indf1	equ	0xFE7
  1054                           postinc1	equ	0xFE6
  1055                           postdec1	equ	0xFE5
  1056                           preinc1	equ	0xFE4
  1057                           plusw1	equ	0xFE3
  1058                           fsr1h	equ	0xFE2
  1059                           fsr1l	equ	0xFE1
  1060                           bsr	equ	0xFE0
  1061                           indf2	equ	0xFDF
  1062                           postinc2	equ	0xFDE
  1063                           postdec2	equ	0xFDD
  1064                           preinc2	equ	0xFDC
  1065                           plusw2	equ	0xFDB
  1066                           fsr2h	equ	0xFDA
  1067                           fsr2l	equ	0xFD9
  1068                           status	equ	0xFD8

Data Sizes:
    Strings     0
    Constant    0
    Data        46
    BSS         5
    Persistent  1
    Stack       0

Auto Spaces:
    Space          Size  Autos    Used
    COMRAM          127     11      63
    BANK0           128      0       0
    BANK1           256      0       0
    BANK2           256      0       0
    BANK3           256      0       0
    BANK4           256      0       0
    BANK5           256      0       0
    BANK6           256      0       0
    BANK7           256      0       0
    BANK8           256      0       0
    BANK9           256      0       0
    BANK10          256      0       0
    BANK11          256      0       0
    BANK12          256      0       0
    BANK13          256      0       0
    BANK14          256      0       0
    BANK15          128      0       0

Pointer List with Targets:

    array	PTR struct .[8] size(1) Largest target is 1
		 -> led_1(COMRAM[1]), led_2(COMRAM[1]), led_3(COMRAM[1]), led_4(COMRAM[1]), 
		 -> led_5(COMRAM[1]), led_6(COMRAM[1]), led_7(COMRAM[1]), led_8(COMRAM[1]), 

    gpio_pin_direction_intialize@_pin_config	PTR const struct . size(1) Largest target is 1
		 -> led_1(COMRAM[1]), led_2(COMRAM[1]), led_3(COMRAM[1]), led_4(COMRAM[1]), 
		 -> led_5(COMRAM[1]), led_6(COMRAM[1]), led_7(COMRAM[1]), led_8(COMRAM[1]), 
		 -> led_initialize@pin_obj(COMRAM[1]), 

    gpio_pin_write_logic@_pin_config	PTR const struct . size(1) Largest target is 1
		 -> led_1(COMRAM[1]), led_2(COMRAM[1]), led_3(COMRAM[1]), led_4(COMRAM[1]), 
		 -> led_5(COMRAM[1]), led_6(COMRAM[1]), led_7(COMRAM[1]), led_8(COMRAM[1]), 
		 -> led_initialize@pin_obj(COMRAM[1]), led_turn_off@pin_obj(COMRAM[1]), led_turn_on@pin_obj(COMRAM[1]), 

    lat_registers	PTR volatile unsigned char [5] size(2) Largest target is 1
		 -> LATA(BITBIGSFRll[1]), LATB(BITBIGSFRlh[1]), LATC(BITBIGSFRlh[1]), LATD(BITBIGSFRlh[1]), 
		 -> LATE(BITBIGSFRlh[1]), 

    port_registers	PTR volatile unsigned char [5] size(2) Largest target is 1
		 -> PORTA(BITBIGSFRll[1]), PORTB(BITBIGSFRll[1]), PORTC(BITBIGSFRll[1]), PORTD(BITBIGSFRll[1]), 
		 -> PORTE(BITBIGSFRll[1]), 

    tris_registers	PTR volatile unsigned char [5] size(2) Largest target is 1
		 -> TRISA(BITBIGSFRll[1]), TRISB(BITBIGSFRh[1]), TRISC(BITBIGSFRh[1]), TRISD(BITBIGSFRh[1]), 
		 -> TRISE(BITBIGSFRh[1]), 


Critical Paths under _main in COMRAM

    _main->_application_initalize
    _main->_gpio_pin_write_logic
    _application_initalize->_gpio_pin_direction_intialize

Critical Paths under _main in BANK0

    None.

Critical Paths under _main in BANK1

    None.

Critical Paths under _main in BANK2

    None.

Critical Paths under _main in BANK3

    None.

Critical Paths under _main in BANK4

    None.

Critical Paths under _main in BANK5

    None.

Critical Paths under _main in BANK6

    None.

Critical Paths under _main in BANK7

    None.

Critical Paths under _main in BANK8

    None.

Critical Paths under _main in BANK9

    None.

Critical Paths under _main in BANK10

    None.

Critical Paths under _main in BANK11

    None.

Critical Paths under _main in BANK12

    None.

Critical Paths under _main in BANK13

    None.

Critical Paths under _main in BANK14

    None.

Critical Paths under _main in BANK15

    None.

Call Graph Tables:

 ---------------------------------------------------------------------------------
 (Depth) Function   	        Calls       Base Space   Used Autos Params    Refs
 ---------------------------------------------------------------------------------
 (0) _main                                                 3     3      0    2293
                                              8 COMRAM     3     3      0
              _application_initalize
               _gpio_pin_write_logic
 ---------------------------------------------------------------------------------
 (1) _gpio_pin_write_logic                                 8     6      2    1243
                                              0 COMRAM     8     6      2
 ---------------------------------------------------------------------------------
 (1) _application_initalize                                1     1      0     894
                                              7 COMRAM     1     1      0
       _gpio_pin_direction_intialize
 ---------------------------------------------------------------------------------
 (2) _gpio_pin_direction_intialize                         7     6      1     863
                                              0 COMRAM     7     6      1
 ---------------------------------------------------------------------------------
 Estimated maximum stack depth 2
 ---------------------------------------------------------------------------------

 Call Graph Graphs:

 _main (ROOT)
   _application_initalize
     _gpio_pin_direction_intialize
   _gpio_pin_write_logic

 Address spaces:
Name               Size   Autos  Total    Cost      Usage
BIGRAM             F7F      0       0      40        0.0%
EEDATA             400      0       0       0        0.0%
BITBANK14          100      0       0      32        0.0%
BANK14             100      0       0      33        0.0%
BITBANK13          100      0       0      30        0.0%
BANK13             100      0       0      31        0.0%
BITBANK12          100      0       0      28        0.0%
BANK12             100      0       0      29        0.0%
BITBANK11          100      0       0      26        0.0%
BANK11             100      0       0      27        0.0%
BITBANK10          100      0       0      24        0.0%
BANK10             100      0       0      25        0.0%
BITBANK9           100      0       0      22        0.0%
BANK9              100      0       0      23        0.0%
BITBANK8           100      0       0      20        0.0%
BANK8              100      0       0      21        0.0%
BITBANK7           100      0       0      18        0.0%
BANK7              100      0       0      19        0.0%
BITBANK6           100      0       0      16        0.0%
BANK6              100      0       0      17        0.0%
BITBANK5           100      0       0      14        0.0%
BANK5              100      0       0      15        0.0%
BITBANK4           100      0       0      12        0.0%
BANK4              100      0       0      13        0.0%
BITBANK3           100      0       0      10        0.0%
BANK3              100      0       0      11        0.0%
BITBANK2           100      0       0       8        0.0%
BANK2              100      0       0       9        0.0%
BITBANK1           100      0       0       6        0.0%
BANK1              100      0       0       7        0.0%
BITBANK15           80      0       0      34        0.0%
BANK15              80      0       0      35        0.0%
BITBANK0            80      0       0       4        0.0%
BANK0               80      0       0       5        0.0%
BITCOMRAM           7F      0       0       0        0.0%
COMRAM              7F      B      3F       1       49.6%
BITBIGSFRh          69      0       0      36        0.0%
BITBIGSFRlh          4      0       0      37        0.0%
BITBIGSFRll          4      0       0      38        0.0%
BIGSFR               0      0       0     200        0.0%
BITSFR               0      0       0     200        0.0%
SFR                  0      0       0     200        0.0%
STACK                0      0       0       2        0.0%
NULL                 0      0       0       0        0.0%
ABS                  0      0      3F      39        0.0%
DATA                 0      0      3F       3        0.0%
CODE                 0      0       0       0        0.0%


Microchip Technology PIC18 Macro Assembler V2.46 build 20240104201356 
Symbol Table                                                                                   Thu Apr 18 18:38:03 2024

                                     l81 1114                                       l82 1116  
                                    l100 1228                                      l101 122A  
                                    l196 131A                                      u400 1016  
                                    u401 1012                                      u410 1036  
                                    u411 1032                                      u440 10FE  
                                    u424 1058                                      u441 10F8  
                                    u425 1054                                      u434 10AE  
                                    u450 112C                                      u435 10AA  
                                    u451 1128                                      u460 114C  
                                    u461 1148                                      u446 1100  
                                    u474 116E                                      u570 1246  
                                    u475 116A                                      u571 1242  
                                    u484 11C4                                      u580 12CE  
                                    u485 11C0                                      u581 12CA  
                                    u597 127C                      led_initialize@F2907 003E  
                                    wreg 0FE8                                     l1140 10E0  
                                   l1132 1002                                     l1134 1016  
                                   l1150 1118                                     l1136 103A  
                                   l1144 10E8                                     l1152 112C  
                ??_application_initalize 0036                                     l1138 1090  
                                   l1154 1150                                     l1162 11FE  
                                   l1180 12EE                                     l1172 12D6  
                                   l1156 11A6                                     l1182 12F6  
                                   l1174 12D6                                     l1158 11F6  
                                   l1270 128C                                     l1184 12FE  
                                   l1176 12DE                                     l1264 1236  
                                   l1256 122C                                     l1186 1306  
                                   l1178 12E6                                     l1282 1212  
                                   l1274 12BC                                     l1266 1246  
                                   l1258 1232                                     l1188 130E  
                                   l1276 12BE                                     l1268 1272  
                                   _LATA 0F89                                     _LATB 0F8A  
                                   _LATC 0F8B                                     _LATD 0F8C  
                                   _LATE 0F8D                                     _main 122C  
                                   fsr2h 0FDA                                     indf2 0FDF  
                                   fsr1l 0FE1                                     fsr2l 0FD9  
                                   prodl 0FF3                                     start 0000  
                           ___param_bank 0000                     _gpio_pin_write_logic 1118  
                                  ?_main 002F                                    _PORTA 0F80  
                                  _PORTB 0F81                                    _PORTC 0F82  
                                  _PORTD 0F83                                    _PORTE 0F84  
                                  _TRISA 0F92                                    _TRISB 0F93  
                                  _TRISC 0F94                                    _TRISD 0F95  
                                  _TRISE 0F96                                    _led_1 002E  
                                  _led_2 002D                                    _led_3 002C  
                                  _led_4 002B                                    _led_5 002A  
                                  _led_6 0029                                    _led_7 0028  
                                  _led_8 0027                                    _array 001F  
                                  main@i 0039                                    tablat 0FF5  
                                  status 0FD8                          __initialization 131C  
                           __end_of_main 12D6                    ?_gpio_pin_write_logic 002F  
                          _lat_registers 000B                                   ??_main 0037  
                          __activetblptr 0002                         led_turn_on@F2912 003D  
                                 _led_st 003A                                   _retVal 003F  
                                 isa$std 0001  gpio_pin_direction_intialize@_pin_config 002F  
                           __pdataCOMRAM 0001                             __mediumconst 0000  
                                 tblptrh 0FF7                                   tblptrl 0FF6  
                                 tblptru 0FF8                               __accesstop 0080  
                __end_of__initialization 1346                            ___rparam_used 0001  
                 ??_gpio_pin_write_logic 0031                           __pcstackCOMRAM 002F  
          __end_of_application_initalize 131C                               __pnvCOMRAM 003F  
                      led_turn_off@F2917 003C                     led_turn_toggle@F2922 003B  
     gpio_pin_direction_intialize@retVal 0035                           _tris_registers 0015  
                                __Hparam 0000                                  __Lparam 0000  
                           __psmallconst 1000                                  __pcinit 131C  
                                __ramtop 1000                                  __ptext0 122C  
                                __ptext1 1118                                  __ptext2 12D6  
                                __ptext3 1002                     end_of_initialization 1346  
                          __Lmediumconst 0000                                  postdec1 0FE5  
                                postdec2 0FDD                                  postinc0 0FEE  
                                postinc2 0FDE     __end_of_gpio_pin_direction_intialize 1118  
           _gpio_pin_direction_intialize 1002                            __pidataCOMRAM 1350  
                    start_initialization 131C            ?_gpio_pin_direction_intialize 002F  
                            __pbssCOMRAM 003A                    _application_initalize 12D6  
        gpio_pin_write_logic@_pin_config 002F                gpio_pin_write_logic@logic 0030  
                            __smallconst 1000           ??_gpio_pin_direction_intialize 0030  
                              copy_data0 1330                   ?_application_initalize 002F  
                               __Hrparam 0000                                 __Lrparam 0000  
                               isa$xinst 0000              application_initalize@retVal 0036  
           __end_of_gpio_pin_write_logic 122C               gpio_pin_write_logic@retVal 0036  
                         _port_registers 0001  
